{"level":"info","ts":1715124220.4711437,"msg":"using provided configuration","config_file":"/tmp/appsmith/Caddyfile","config_adapter":""}
{"level":"info","ts":1715124220.6583893,"msg":"using provided configuration","config_file":"/tmp/appsmith/Caddyfile","config_adapter":""}
{"level":"info","ts":1715124220.69632,"logger":"admin","msg":"admin endpoint started","address":"127.0.0.1:2019","enforce_origin":false,"origins":["//localhost:2019","//[::1]:2019","//127.0.0.1:2019"]}
{"level":"warn","ts":1715124220.697376,"logger":"http.auto_https","msg":"server is listening only on the HTTP port, so no automatic HTTPS will be applied to this server","server_name":"srv0","http_port":80}
{"level":"debug","ts":1715124220.6974204,"logger":"http.auto_https","msg":"adjusted config","tls":{"automation":{"policies":[{}]}},"http":{"servers":{"srv0":{"listen":[":80"],"routes":[{"handle":[{"handler":"vars","root":"/opt/appsmith/editor"}]},{"handle":[{"handler":"vars","skip_log":true}]},{"handle":[{"handler":"headers","response":{"deferred":true,"delete":["Server"],"set":{"Content-Security-Policy":["frame-ancestors 'self' *"],"X-Content-Type-Options":["nosniff"]}}},{"handler":"request_body","max_size":150000000}]},{"handle":[{"handler":"static_response","headers":{"Location":["/supervisor/"]},"status_code":302}]},{"handle":[{"handler":"rate_limit","rate_limits":{"dynamic_zone":{"key":"{http.request.remote_ip}","max_events":100,"window":1000000000}}}]},{"group":"group8","handle":[{"handler":"subroute","routes":[{"handle":[{"handler":"vars","skip_log":true},{"canonical_uris":false,"handler":"file_server","hide":["/tmp/appsmith/Caddyfile"],"precompressed":{"br":{},"gzip":{}},"precompressed_order":["br","gzip"]}]}]}]},{"group":"group8","handle":[{"handler":"subroute","routes":[{"handle":[{"handler":"error","status_code":404}]}]}]},{"group":"group8","handle":[{"handler":"subroute","routes":[{"handle":[{"handler":"vars","root":"/opt/appsmith"}]},{"group":"group3","handle":[{"handler":"rewrite","uri":"/info.json"}]},{"handle":[{"canonical_uris":false,"handler":"file_server","hide":["/tmp/appsmith/Caddyfile"],"precompressed":{"br":{},"gzip":{}},"precompressed_order":["br","gzip"]}]}]}]},{"group":"group8","handle":[{"handler":"subroute","routes":[{"handle":[{"handler":"reverse_proxy","headers":{"request":{"delete":["Forwarded"]}},"upstreams":[{"dial":"127.0.0.1:8080"}]}]}]}]},{"group":"group8","handle":[{"handler":"subroute","routes":[{"handle":[{"handler":"rewrite","strip_path_prefix":"/supervisor"}]},{"handle":[{"handler":"reverse_proxy","headers":{"request":{"delete":["Forwarded"]}},"upstreams":[{"dial":"127.0.0.1:9001"}]}]}]}]},{"group":"group8","handle":[{"handler":"subroute","routes":[{"handle":[{"handler":"reverse_proxy","headers":{"request":{"delete":["Forwarded"]}},"upstreams":[{"dial":"127.0.0.1:8091"}]}]}]}]},{"group":"group8","handle":[{"handler":"subroute","routes":[{"handle":[{"handler":"vars","root":"/tmp/appsmith/www"}]},{"handle":[{"handler":"rewrite","uri":"{http.matchers.file.relative}"}],"match":[{"file":{"try_files":["/loading.html","/index.html"]}}]},{"handle":[{"canonical_uris":false,"handler":"file_server","hide":["/tmp/appsmith/Caddyfile"],"precompressed":{"br":{},"gzip":{}},"precompressed_order":["br","gzip"]}]}]}]}],"errors":{"routes":[{"handle":[{"handler":"headers","response":{"deferred":true,"delete":["Server"]}},{"body":"{http.error.status_code} {http.error.status_text}","handler":"static_response","status_code":"{http.error.status_code}"}]}]},"automatic_https":{"disable":true},"trusted_proxies":{"ranges":["0.0.0.0/0"],"source":"static"},"logs":{"default_logger_name":"log0"}}}}}
{"level":"info","ts":1715124220.698505,"logger":"tls.cache.maintenance","msg":"started background certificate maintenance","cache":"0xc0004f5980"}
{"level":"debug","ts":1715124220.7013488,"logger":"http","msg":"starting server loop","address":"[::]:80","tls":false,"http3":false}
{"level":"info","ts":1715124220.7013898,"logger":"http.log","msg":"server running","name":"srv0","protocols":["h1","h2","h3"]}
{"level":"info","ts":1715124220.7014117,"msg":"serving initial configuration"}
{"level":"warn","ts":1715124220.7045443,"logger":"tls","msg":"storage cleaning happened too recently; skipping for now","storage":"FileStorage:/appsmith-stacks/data/caddy","instance":"e5b2e62b-71fd-449c-bdd0-522d7186d9d0","try_again":1715210620.7045417,"try_again_in":86399.999999194}
{"level":"info","ts":1715124220.7046492,"logger":"tls","msg":"finished cleaning storage units"}
{"level":"debug","ts":1715124228.236923,"logger":"http.handlers.rewrite","msg":"rewrote request","request":{"remote_ip":"::1","remote_port":"44540","client_ip":"::1","proto":"HTTP/1.1","method":"GET","host":"localhost","uri":"/","headers":{"User-Agent":["curl/7.68.0"],"Accept":["*/*"]}},"method":"GET","uri":"/loading.html"}
{"level":"debug","ts":1715124228.2370028,"logger":"http.handlers.file_server","msg":"sanitized path join","site_root":"/tmp/appsmith/www","request_path":"/loading.html","result":"/tmp/appsmith/www/loading.html"}
{"level":"debug","ts":1715124228.2370243,"logger":"http.handlers.file_server","msg":"opening file","filename":"/tmp/appsmith/www/loading.html"}
{"level":"debug","ts":1715124243.888042,"logger":"http.handlers.rewrite","msg":"rewrote request","request":{"remote_ip":"::1","remote_port":"44660","client_ip":"::1","proto":"HTTP/1.1","method":"GET","host":"localhost","uri":"/","headers":{"User-Agent":["curl/7.68.0"],"Accept":["*/*"]}},"method":"GET","uri":"/loading.html"}
{"level":"debug","ts":1715124243.8881226,"logger":"http.handlers.file_server","msg":"sanitized path join","site_root":"/tmp/appsmith/www","request_path":"/loading.html","result":"/tmp/appsmith/www/loading.html"}
{"level":"debug","ts":1715124243.8881402,"logger":"http.handlers.file_server","msg":"opening file","filename":"/tmp/appsmith/www/loading.html"}
{"level":"debug","ts":1715124259.7924175,"logger":"http.handlers.rewrite","msg":"rewrote request","request":{"remote_ip":"::1","remote_port":"34514","client_ip":"::1","proto":"HTTP/1.1","method":"GET","host":"localhost","uri":"/","headers":{"User-Agent":["curl/7.68.0"],"Accept":["*/*"]}},"method":"GET","uri":"/index.html"}
{"level":"debug","ts":1715124259.7925053,"logger":"http.handlers.file_server","msg":"sanitized path join","site_root":"/tmp/appsmith/www","request_path":"/index.html","result":"/tmp/appsmith/www/index.html"}
{"level":"debug","ts":1715124259.79253,"logger":"http.handlers.file_server","msg":"opening file","filename":"/tmp/appsmith/www/index.html"}
{"level":"debug","ts":1715124275.203557,"logger":"http.handlers.rewrite","msg":"rewrote request","request":{"remote_ip":"::1","remote_port":"52542","client_ip":"::1","proto":"HTTP/1.1","method":"GET","host":"localhost","uri":"/","headers":{"User-Agent":["curl/7.68.0"],"Accept":["*/*"]}},"method":"GET","uri":"/index.html"}
{"level":"debug","ts":1715124275.2036436,"logger":"http.handlers.file_server","msg":"sanitized path join","site_root":"/tmp/appsmith/www","request_path":"/index.html","result":"/tmp/appsmith/www/index.html"}
{"level":"debug","ts":1715124275.2036674,"logger":"http.handlers.file_server","msg":"opening file","filename":"/tmp/appsmith/www/index.html"}
{"level":"debug","ts":1715124290.7078612,"logger":"http.handlers.rewrite","msg":"rewrote request","request":{"remote_ip":"::1","remote_port":"33266","client_ip":"::1","proto":"HTTP/1.1","method":"GET","host":"localhost","uri":"/","headers":{"User-Agent":["curl/7.68.0"],"Accept":["*/*"]}},"method":"GET","uri":"/index.html"}
{"level":"debug","ts":1715124290.7079957,"logger":"http.handlers.file_server","msg":"sanitized path join","site_root":"/tmp/appsmith/www","request_path":"/index.html","result":"/tmp/appsmith/www/index.html"}
{"level":"debug","ts":1715124290.708017,"logger":"http.handlers.file_server","msg":"opening file","filename":"/tmp/appsmith/www/index.html"}
{"level":"debug","ts":1715124306.1978035,"logger":"http.handlers.rewrite","msg":"rewrote request","request":{"remote_ip":"::1","remote_port":"51806","client_ip":"::1","proto":"HTTP/1.1","method":"GET","host":"localhost","uri":"/","headers":{"User-Agent":["curl/7.68.0"],"Accept":["*/*"]}},"method":"GET","uri":"/index.html"}
{"level":"debug","ts":1715124306.1978705,"logger":"http.handlers.file_server","msg":"sanitized path join","site_root":"/tmp/appsmith/www","request_path":"/index.html","result":"/tmp/appsmith/www/index.html"}
{"level":"debug","ts":1715124306.1978877,"logger":"http.handlers.file_server","msg":"opening file","filename":"/tmp/appsmith/www/index.html"}
{"level":"debug","ts":1715124321.5799406,"logger":"http.handlers.rewrite","msg":"rewrote request","request":{"remote_ip":"::1","remote_port":"47372","client_ip":"::1","proto":"HTTP/1.1","method":"GET","host":"localhost","uri":"/","headers":{"User-Agent":["curl/7.68.0"],"Accept":["*/*"]}},"method":"GET","uri":"/index.html"}
{"level":"debug","ts":1715124321.5800207,"logger":"http.handlers.file_server","msg":"sanitized path join","site_root":"/tmp/appsmith/www","request_path":"/index.html","result":"/tmp/appsmith/www/index.html"}
{"level":"debug","ts":1715124321.5800374,"logger":"http.handlers.file_server","msg":"opening file","filename":"/tmp/appsmith/www/index.html"}
{"level":"debug","ts":1715124336.9929235,"logger":"http.handlers.rewrite","msg":"rewrote request","request":{"remote_ip":"::1","remote_port":"39924","client_ip":"::1","proto":"HTTP/1.1","method":"GET","host":"localhost","uri":"/","headers":{"User-Agent":["curl/7.68.0"],"Accept":["*/*"]}},"method":"GET","uri":"/index.html"}
{"level":"debug","ts":1715124336.9929965,"logger":"http.handlers.file_server","msg":"sanitized path join","site_root":"/tmp/appsmith/www","request_path":"/index.html","result":"/tmp/appsmith/www/index.html"}
{"level":"debug","ts":1715124336.9930127,"logger":"http.handlers.file_server","msg":"opening file","filename":"/tmp/appsmith/www/index.html"}
{"level":"debug","ts":1715124352.3910458,"logger":"http.handlers.rewrite","msg":"rewrote request","request":{"remote_ip":"::1","remote_port":"52470","client_ip":"::1","proto":"HTTP/1.1","method":"GET","host":"localhost","uri":"/","headers":{"Accept":["*/*"],"User-Agent":["curl/7.68.0"]}},"method":"GET","uri":"/index.html"}
{"level":"debug","ts":1715124352.3911583,"logger":"http.handlers.file_server","msg":"sanitized path join","site_root":"/tmp/appsmith/www","request_path":"/index.html","result":"/tmp/appsmith/www/index.html"}
{"level":"debug","ts":1715124352.391183,"logger":"http.handlers.file_server","msg":"opening file","filename":"/tmp/appsmith/www/index.html"}
{"level":"debug","ts":1715124367.9333804,"logger":"http.handlers.rewrite","msg":"rewrote request","request":{"remote_ip":"::1","remote_port":"39082","client_ip":"::1","proto":"HTTP/1.1","method":"GET","host":"localhost","uri":"/","headers":{"User-Agent":["curl/7.68.0"],"Accept":["*/*"]}},"method":"GET","uri":"/index.html"}
{"level":"debug","ts":1715124367.9335167,"logger":"http.handlers.file_server","msg":"sanitized path join","site_root":"/tmp/appsmith/www","request_path":"/index.html","result":"/tmp/appsmith/www/index.html"}
{"level":"debug","ts":1715124367.933577,"logger":"http.handlers.file_server","msg":"opening file","filename":"/tmp/appsmith/www/index.html"}
{"level":"debug","ts":1715124383.3738036,"logger":"http.handlers.rewrite","msg":"rewrote request","request":{"remote_ip":"::1","remote_port":"33388","client_ip":"::1","proto":"HTTP/1.1","method":"GET","host":"localhost","uri":"/","headers":{"User-Agent":["curl/7.68.0"],"Accept":["*/*"]}},"method":"GET","uri":"/index.html"}
{"level":"debug","ts":1715124383.3739119,"logger":"http.handlers.file_server","msg":"sanitized path join","site_root":"/tmp/appsmith/www","request_path":"/index.html","result":"/tmp/appsmith/www/index.html"}
{"level":"debug","ts":1715124383.373938,"logger":"http.handlers.file_server","msg":"opening file","filename":"/tmp/appsmith/www/index.html"}
{"level":"debug","ts":1715124398.8365207,"logger":"http.handlers.rewrite","msg":"rewrote request","request":{"remote_ip":"::1","remote_port":"51420","client_ip":"::1","proto":"HTTP/1.1","method":"GET","host":"localhost","uri":"/","headers":{"User-Agent":["curl/7.68.0"],"Accept":["*/*"]}},"method":"GET","uri":"/index.html"}
{"level":"debug","ts":1715124398.8366492,"logger":"http.handlers.file_server","msg":"sanitized path join","site_root":"/tmp/appsmith/www","request_path":"/index.html","result":"/tmp/appsmith/www/index.html"}
{"level":"debug","ts":1715124398.8366718,"logger":"http.handlers.file_server","msg":"opening file","filename":"/tmp/appsmith/www/index.html"}
{"level":"debug","ts":1715124414.2479053,"logger":"http.handlers.rewrite","msg":"rewrote request","request":{"remote_ip":"::1","remote_port":"46558","client_ip":"::1","proto":"HTTP/1.1","method":"GET","host":"localhost","uri":"/","headers":{"User-Agent":["curl/7.68.0"],"Accept":["*/*"]}},"method":"GET","uri":"/index.html"}
{"level":"debug","ts":1715124414.2480013,"logger":"http.handlers.file_server","msg":"sanitized path join","site_root":"/tmp/appsmith/www","request_path":"/index.html","result":"/tmp/appsmith/www/index.html"}
{"level":"debug","ts":1715124414.2480268,"logger":"http.handlers.file_server","msg":"opening file","filename":"/tmp/appsmith/www/index.html"}
{"level":"debug","ts":1715124429.6353998,"logger":"http.handlers.rewrite","msg":"rewrote request","request":{"remote_ip":"::1","remote_port":"47098","client_ip":"::1","proto":"HTTP/1.1","method":"GET","host":"localhost","uri":"/","headers":{"User-Agent":["curl/7.68.0"],"Accept":["*/*"]}},"method":"GET","uri":"/index.html"}
{"level":"debug","ts":1715124429.6354985,"logger":"http.handlers.file_server","msg":"sanitized path join","site_root":"/tmp/appsmith/www","request_path":"/index.html","result":"/tmp/appsmith/www/index.html"}
{"level":"debug","ts":1715124429.635519,"logger":"http.handlers.file_server","msg":"opening file","filename":"/tmp/appsmith/www/index.html"}
{"level":"debug","ts":1715124445.0224938,"logger":"http.handlers.rewrite","msg":"rewrote request","request":{"remote_ip":"::1","remote_port":"55178","client_ip":"::1","proto":"HTTP/1.1","method":"GET","host":"localhost","uri":"/","headers":{"User-Agent":["curl/7.68.0"],"Accept":["*/*"]}},"method":"GET","uri":"/index.html"}
{"level":"debug","ts":1715124445.0226026,"logger":"http.handlers.file_server","msg":"sanitized path join","site_root":"/tmp/appsmith/www","request_path":"/index.html","result":"/tmp/appsmith/www/index.html"}
{"level":"debug","ts":1715124445.0226278,"logger":"http.handlers.file_server","msg":"opening file","filename":"/tmp/appsmith/www/index.html"}
{"level":"debug","ts":1715124460.4603856,"logger":"http.handlers.rewrite","msg":"rewrote request","request":{"remote_ip":"::1","remote_port":"43434","client_ip":"::1","proto":"HTTP/1.1","method":"GET","host":"localhost","uri":"/","headers":{"User-Agent":["curl/7.68.0"],"Accept":["*/*"]}},"method":"GET","uri":"/index.html"}
{"level":"debug","ts":1715124460.460459,"logger":"http.handlers.file_server","msg":"sanitized path join","site_root":"/tmp/appsmith/www","request_path":"/index.html","result":"/tmp/appsmith/www/index.html"}
{"level":"debug","ts":1715124460.4604769,"logger":"http.handlers.file_server","msg":"opening file","filename":"/tmp/appsmith/www/index.html"}
{"level":"debug","ts":1715124475.8708572,"logger":"http.handlers.rewrite","msg":"rewrote request","request":{"remote_ip":"::1","remote_port":"33792","client_ip":"::1","proto":"HTTP/1.1","method":"GET","host":"localhost","uri":"/","headers":{"User-Agent":["curl/7.68.0"],"Accept":["*/*"]}},"method":"GET","uri":"/index.html"}
{"level":"debug","ts":1715124475.8709323,"logger":"http.handlers.file_server","msg":"sanitized path join","site_root":"/tmp/appsmith/www","request_path":"/index.html","result":"/tmp/appsmith/www/index.html"}
{"level":"debug","ts":1715124475.8709488,"logger":"http.handlers.file_server","msg":"opening file","filename":"/tmp/appsmith/www/index.html"}
{"level":"debug","ts":1715124491.2621,"logger":"http.handlers.rewrite","msg":"rewrote request","request":{"remote_ip":"::1","remote_port":"45908","client_ip":"::1","proto":"HTTP/1.1","method":"GET","host":"localhost","uri":"/","headers":{"User-Agent":["curl/7.68.0"],"Accept":["*/*"]}},"method":"GET","uri":"/index.html"}
{"level":"debug","ts":1715124491.2622175,"logger":"http.handlers.file_server","msg":"sanitized path join","site_root":"/tmp/appsmith/www","request_path":"/index.html","result":"/tmp/appsmith/www/index.html"}
{"level":"debug","ts":1715124491.2622447,"logger":"http.handlers.file_server","msg":"opening file","filename":"/tmp/appsmith/www/index.html"}
{"level":"debug","ts":1715124506.6682577,"logger":"http.handlers.rewrite","msg":"rewrote request","request":{"remote_ip":"::1","remote_port":"41616","client_ip":"::1","proto":"HTTP/1.1","method":"GET","host":"localhost","uri":"/","headers":{"User-Agent":["curl/7.68.0"],"Accept":["*/*"]}},"method":"GET","uri":"/index.html"}
{"level":"debug","ts":1715124506.6683831,"logger":"http.handlers.file_server","msg":"sanitized path join","site_root":"/tmp/appsmith/www","request_path":"/index.html","result":"/tmp/appsmith/www/index.html"}
{"level":"debug","ts":1715124506.6684062,"logger":"http.handlers.file_server","msg":"opening file","filename":"/tmp/appsmith/www/index.html"}
{"level":"debug","ts":1715124522.0776908,"logger":"http.handlers.rewrite","msg":"rewrote request","request":{"remote_ip":"::1","remote_port":"59246","client_ip":"::1","proto":"HTTP/1.1","method":"GET","host":"localhost","uri":"/","headers":{"User-Agent":["curl/7.68.0"],"Accept":["*/*"]}},"method":"GET","uri":"/index.html"}
{"level":"debug","ts":1715124522.0777946,"logger":"http.handlers.file_server","msg":"sanitized path join","site_root":"/tmp/appsmith/www","request_path":"/index.html","result":"/tmp/appsmith/www/index.html"}
{"level":"debug","ts":1715124522.0778184,"logger":"http.handlers.file_server","msg":"opening file","filename":"/tmp/appsmith/www/index.html"}
{"level":"debug","ts":1715124537.4946926,"logger":"http.handlers.rewrite","msg":"rewrote request","request":{"remote_ip":"::1","remote_port":"60704","client_ip":"::1","proto":"HTTP/1.1","method":"GET","host":"localhost","uri":"/","headers":{"User-Agent":["curl/7.68.0"],"Accept":["*/*"]}},"method":"GET","uri":"/index.html"}
{"level":"debug","ts":1715124537.494762,"logger":"http.handlers.file_server","msg":"sanitized path join","site_root":"/tmp/appsmith/www","request_path":"/index.html","result":"/tmp/appsmith/www/index.html"}
{"level":"debug","ts":1715124537.4947796,"logger":"http.handlers.file_server","msg":"opening file","filename":"/tmp/appsmith/www/index.html"}
{"level":"debug","ts":1715124552.9065871,"logger":"http.handlers.rewrite","msg":"rewrote request","request":{"remote_ip":"::1","remote_port":"57086","client_ip":"::1","proto":"HTTP/1.1","method":"GET","host":"localhost","uri":"/","headers":{"User-Agent":["curl/7.68.0"],"Accept":["*/*"]}},"method":"GET","uri":"/index.html"}
{"level":"debug","ts":1715124552.906644,"logger":"http.handlers.file_server","msg":"sanitized path join","site_root":"/tmp/appsmith/www","request_path":"/index.html","result":"/tmp/appsmith/www/index.html"}
{"level":"debug","ts":1715124552.9066606,"logger":"http.handlers.file_server","msg":"opening file","filename":"/tmp/appsmith/www/index.html"}
{"level":"debug","ts":1715124568.3186388,"logger":"http.handlers.rewrite","msg":"rewrote request","request":{"remote_ip":"::1","remote_port":"57926","client_ip":"::1","proto":"HTTP/1.1","method":"GET","host":"localhost","uri":"/","headers":{"Accept":["*/*"],"User-Agent":["curl/7.68.0"]}},"method":"GET","uri":"/index.html"}
{"level":"debug","ts":1715124568.3187096,"logger":"http.handlers.file_server","msg":"sanitized path join","site_root":"/tmp/appsmith/www","request_path":"/index.html","result":"/tmp/appsmith/www/index.html"}
{"level":"debug","ts":1715124568.3187265,"logger":"http.handlers.file_server","msg":"opening file","filename":"/tmp/appsmith/www/index.html"}
{"level":"debug","ts":1715124583.7244418,"logger":"http.handlers.rewrite","msg":"rewrote request","request":{"remote_ip":"::1","remote_port":"43664","client_ip":"::1","proto":"HTTP/1.1","method":"GET","host":"localhost","uri":"/","headers":{"User-Agent":["curl/7.68.0"],"Accept":["*/*"]}},"method":"GET","uri":"/index.html"}
{"level":"debug","ts":1715124583.7245157,"logger":"http.handlers.file_server","msg":"sanitized path join","site_root":"/tmp/appsmith/www","request_path":"/index.html","result":"/tmp/appsmith/www/index.html"}
{"level":"debug","ts":1715124583.7245336,"logger":"http.handlers.file_server","msg":"opening file","filename":"/tmp/appsmith/www/index.html"}
{"level":"debug","ts":1715124599.161671,"logger":"http.handlers.rewrite","msg":"rewrote request","request":{"remote_ip":"::1","remote_port":"38674","client_ip":"::1","proto":"HTTP/1.1","method":"GET","host":"localhost","uri":"/","headers":{"User-Agent":["curl/7.68.0"],"Accept":["*/*"]}},"method":"GET","uri":"/index.html"}
{"level":"debug","ts":1715124599.1618738,"logger":"http.handlers.file_server","msg":"sanitized path join","site_root":"/tmp/appsmith/www","request_path":"/index.html","result":"/tmp/appsmith/www/index.html"}
{"level":"debug","ts":1715124599.1619058,"logger":"http.handlers.file_server","msg":"opening file","filename":"/tmp/appsmith/www/index.html"}
{"level":"debug","ts":1715124614.580873,"logger":"http.handlers.rewrite","msg":"rewrote request","request":{"remote_ip":"::1","remote_port":"51306","client_ip":"::1","proto":"HTTP/1.1","method":"GET","host":"localhost","uri":"/","headers":{"User-Agent":["curl/7.68.0"],"Accept":["*/*"]}},"method":"GET","uri":"/index.html"}
{"level":"debug","ts":1715124614.580953,"logger":"http.handlers.file_server","msg":"sanitized path join","site_root":"/tmp/appsmith/www","request_path":"/index.html","result":"/tmp/appsmith/www/index.html"}
{"level":"debug","ts":1715124614.5809777,"logger":"http.handlers.file_server","msg":"opening file","filename":"/tmp/appsmith/www/index.html"}
{"level":"debug","ts":1715124629.9884143,"logger":"http.handlers.rewrite","msg":"rewrote request","request":{"remote_ip":"::1","remote_port":"39670","client_ip":"::1","proto":"HTTP/1.1","method":"GET","host":"localhost","uri":"/","headers":{"User-Agent":["curl/7.68.0"],"Accept":["*/*"]}},"method":"GET","uri":"/index.html"}
{"level":"debug","ts":1715124629.9884765,"logger":"http.handlers.file_server","msg":"sanitized path join","site_root":"/tmp/appsmith/www","request_path":"/index.html","result":"/tmp/appsmith/www/index.html"}
{"level":"debug","ts":1715124629.9884932,"logger":"http.handlers.file_server","msg":"opening file","filename":"/tmp/appsmith/www/index.html"}
{"level":"debug","ts":1715124645.4177063,"logger":"http.handlers.rewrite","msg":"rewrote request","request":{"remote_ip":"::1","remote_port":"57538","client_ip":"::1","proto":"HTTP/1.1","method":"GET","host":"localhost","uri":"/","headers":{"Accept":["*/*"],"User-Agent":["curl/7.68.0"]}},"method":"GET","uri":"/index.html"}
{"level":"debug","ts":1715124645.4177694,"logger":"http.handlers.file_server","msg":"sanitized path join","site_root":"/tmp/appsmith/www","request_path":"/index.html","result":"/tmp/appsmith/www/index.html"}
{"level":"debug","ts":1715124645.417786,"logger":"http.handlers.file_server","msg":"opening file","filename":"/tmp/appsmith/www/index.html"}
{"level":"debug","ts":1715124660.854853,"logger":"http.handlers.rewrite","msg":"rewrote request","request":{"remote_ip":"::1","remote_port":"40154","client_ip":"::1","proto":"HTTP/1.1","method":"GET","host":"localhost","uri":"/","headers":{"User-Agent":["curl/7.68.0"],"Accept":["*/*"]}},"method":"GET","uri":"/index.html"}
{"level":"debug","ts":1715124660.854916,"logger":"http.handlers.file_server","msg":"sanitized path join","site_root":"/tmp/appsmith/www","request_path":"/index.html","result":"/tmp/appsmith/www/index.html"}
{"level":"debug","ts":1715124660.8549328,"logger":"http.handlers.file_server","msg":"opening file","filename":"/tmp/appsmith/www/index.html"}
{"level":"debug","ts":1715124676.2474267,"logger":"http.handlers.rewrite","msg":"rewrote request","request":{"remote_ip":"::1","remote_port":"37772","client_ip":"::1","proto":"HTTP/1.1","method":"GET","host":"localhost","uri":"/","headers":{"User-Agent":["curl/7.68.0"],"Accept":["*/*"]}},"method":"GET","uri":"/index.html"}
{"level":"debug","ts":1715124676.2475107,"logger":"http.handlers.file_server","msg":"sanitized path join","site_root":"/tmp/appsmith/www","request_path":"/index.html","result":"/tmp/appsmith/www/index.html"}
{"level":"debug","ts":1715124676.2475336,"logger":"http.handlers.file_server","msg":"opening file","filename":"/tmp/appsmith/www/index.html"}
{"level":"debug","ts":1715124691.6951563,"logger":"http.handlers.rewrite","msg":"rewrote request","request":{"remote_ip":"::1","remote_port":"36462","client_ip":"::1","proto":"HTTP/1.1","method":"GET","host":"localhost","uri":"/","headers":{"User-Agent":["curl/7.68.0"],"Accept":["*/*"]}},"method":"GET","uri":"/index.html"}
{"level":"debug","ts":1715124691.69522,"logger":"http.handlers.file_server","msg":"sanitized path join","site_root":"/tmp/appsmith/www","request_path":"/index.html","result":"/tmp/appsmith/www/index.html"}
{"level":"debug","ts":1715124691.6952364,"logger":"http.handlers.file_server","msg":"opening file","filename":"/tmp/appsmith/www/index.html"}
{"level":"debug","ts":1715124707.115547,"logger":"http.handlers.rewrite","msg":"rewrote request","request":{"remote_ip":"::1","remote_port":"40944","client_ip":"::1","proto":"HTTP/1.1","method":"GET","host":"localhost","uri":"/","headers":{"User-Agent":["curl/7.68.0"],"Accept":["*/*"]}},"method":"GET","uri":"/index.html"}
{"level":"debug","ts":1715124707.115641,"logger":"http.handlers.file_server","msg":"sanitized path join","site_root":"/tmp/appsmith/www","request_path":"/index.html","result":"/tmp/appsmith/www/index.html"}
{"level":"debug","ts":1715124707.1156652,"logger":"http.handlers.file_server","msg":"opening file","filename":"/tmp/appsmith/www/index.html"}
{"level":"debug","ts":1715124722.4990942,"logger":"http.handlers.rewrite","msg":"rewrote request","request":{"remote_ip":"::1","remote_port":"37340","client_ip":"::1","proto":"HTTP/1.1","method":"GET","host":"localhost","uri":"/","headers":{"User-Agent":["curl/7.68.0"],"Accept":["*/*"]}},"method":"GET","uri":"/index.html"}
{"level":"debug","ts":1715124722.4991791,"logger":"http.handlers.file_server","msg":"sanitized path join","site_root":"/tmp/appsmith/www","request_path":"/index.html","result":"/tmp/appsmith/www/index.html"}
{"level":"debug","ts":1715124722.4992008,"logger":"http.handlers.file_server","msg":"opening file","filename":"/tmp/appsmith/www/index.html"}
{"level":"debug","ts":1715124737.977987,"logger":"http.handlers.rewrite","msg":"rewrote request","request":{"remote_ip":"::1","remote_port":"37234","client_ip":"::1","proto":"HTTP/1.1","method":"GET","host":"localhost","uri":"/","headers":{"User-Agent":["curl/7.68.0"],"Accept":["*/*"]}},"method":"GET","uri":"/index.html"}
{"level":"debug","ts":1715124737.9780507,"logger":"http.handlers.file_server","msg":"sanitized path join","site_root":"/tmp/appsmith/www","request_path":"/index.html","result":"/tmp/appsmith/www/index.html"}
{"level":"debug","ts":1715124737.9780674,"logger":"http.handlers.file_server","msg":"opening file","filename":"/tmp/appsmith/www/index.html"}
{"level":"debug","ts":1715124753.4365373,"logger":"http.handlers.rewrite","msg":"rewrote request","request":{"remote_ip":"::1","remote_port":"48388","client_ip":"::1","proto":"HTTP/1.1","method":"GET","host":"localhost","uri":"/","headers":{"User-Agent":["curl/7.68.0"],"Accept":["*/*"]}},"method":"GET","uri":"/index.html"}
{"level":"debug","ts":1715124753.4366257,"logger":"http.handlers.file_server","msg":"sanitized path join","site_root":"/tmp/appsmith/www","request_path":"/index.html","result":"/tmp/appsmith/www/index.html"}
{"level":"debug","ts":1715124753.4366472,"logger":"http.handlers.file_server","msg":"opening file","filename":"/tmp/appsmith/www/index.html"}
{"level":"debug","ts":1715124768.8014028,"logger":"http.handlers.rewrite","msg":"rewrote request","request":{"remote_ip":"::1","remote_port":"59788","client_ip":"::1","proto":"HTTP/1.1","method":"GET","host":"localhost","uri":"/","headers":{"User-Agent":["curl/7.68.0"],"Accept":["*/*"]}},"method":"GET","uri":"/index.html"}
{"level":"debug","ts":1715124768.8015003,"logger":"http.handlers.file_server","msg":"sanitized path join","site_root":"/tmp/appsmith/www","request_path":"/index.html","result":"/tmp/appsmith/www/index.html"}
{"level":"debug","ts":1715124768.801529,"logger":"http.handlers.file_server","msg":"opening file","filename":"/tmp/appsmith/www/index.html"}
{"level":"debug","ts":1715124784.1900127,"logger":"http.handlers.rewrite","msg":"rewrote request","request":{"remote_ip":"::1","remote_port":"43420","client_ip":"::1","proto":"HTTP/1.1","method":"GET","host":"localhost","uri":"/","headers":{"User-Agent":["curl/7.68.0"],"Accept":["*/*"]}},"method":"GET","uri":"/index.html"}
{"level":"debug","ts":1715124784.1900995,"logger":"http.handlers.file_server","msg":"sanitized path join","site_root":"/tmp/appsmith/www","request_path":"/index.html","result":"/tmp/appsmith/www/index.html"}
{"level":"debug","ts":1715124784.1901207,"logger":"http.handlers.file_server","msg":"opening file","filename":"/tmp/appsmith/www/index.html"}
{"level":"debug","ts":1715124799.602798,"logger":"http.handlers.rewrite","msg":"rewrote request","request":{"remote_ip":"::1","remote_port":"44740","client_ip":"::1","proto":"HTTP/1.1","method":"GET","host":"localhost","uri":"/","headers":{"User-Agent":["curl/7.68.0"],"Accept":["*/*"]}},"method":"GET","uri":"/index.html"}
{"level":"debug","ts":1715124799.60286,"logger":"http.handlers.file_server","msg":"sanitized path join","site_root":"/tmp/appsmith/www","request_path":"/index.html","result":"/tmp/appsmith/www/index.html"}
{"level":"debug","ts":1715124799.6028934,"logger":"http.handlers.file_server","msg":"opening file","filename":"/tmp/appsmith/www/index.html"}
{"level":"debug","ts":1715124814.9992194,"logger":"http.handlers.rewrite","msg":"rewrote request","request":{"remote_ip":"::1","remote_port":"60386","client_ip":"::1","proto":"HTTP/1.1","method":"GET","host":"localhost","uri":"/","headers":{"User-Agent":["curl/7.68.0"],"Accept":["*/*"]}},"method":"GET","uri":"/index.html"}
{"level":"debug","ts":1715124814.9992843,"logger":"http.handlers.file_server","msg":"sanitized path join","site_root":"/tmp/appsmith/www","request_path":"/index.html","result":"/tmp/appsmith/www/index.html"}
{"level":"debug","ts":1715124814.9993017,"logger":"http.handlers.file_server","msg":"opening file","filename":"/tmp/appsmith/www/index.html"}
{"level":"debug","ts":1715124830.3983052,"logger":"http.handlers.rewrite","msg":"rewrote request","request":{"remote_ip":"::1","remote_port":"55508","client_ip":"::1","proto":"HTTP/1.1","method":"GET","host":"localhost","uri":"/","headers":{"User-Agent":["curl/7.68.0"],"Accept":["*/*"]}},"method":"GET","uri":"/index.html"}
{"level":"debug","ts":1715124830.3983953,"logger":"http.handlers.file_server","msg":"sanitized path join","site_root":"/tmp/appsmith/www","request_path":"/index.html","result":"/tmp/appsmith/www/index.html"}
{"level":"debug","ts":1715124830.3984194,"logger":"http.handlers.file_server","msg":"opening file","filename":"/tmp/appsmith/www/index.html"}
{"level":"debug","ts":1715124845.7844841,"logger":"http.handlers.rewrite","msg":"rewrote request","request":{"remote_ip":"::1","remote_port":"38076","client_ip":"::1","proto":"HTTP/1.1","method":"GET","host":"localhost","uri":"/","headers":{"User-Agent":["curl/7.68.0"],"Accept":["*/*"]}},"method":"GET","uri":"/index.html"}
{"level":"debug","ts":1715124845.784601,"logger":"http.handlers.file_server","msg":"sanitized path join","site_root":"/tmp/appsmith/www","request_path":"/index.html","result":"/tmp/appsmith/www/index.html"}
{"level":"debug","ts":1715124845.7846296,"logger":"http.handlers.file_server","msg":"opening file","filename":"/tmp/appsmith/www/index.html"}
{"level":"debug","ts":1715124861.1878161,"logger":"http.handlers.rewrite","msg":"rewrote request","request":{"remote_ip":"::1","remote_port":"46008","client_ip":"::1","proto":"HTTP/1.1","method":"GET","host":"localhost","uri":"/","headers":{"User-Agent":["curl/7.68.0"],"Accept":["*/*"]}},"method":"GET","uri":"/index.html"}
{"level":"debug","ts":1715124861.1880598,"logger":"http.handlers.file_server","msg":"sanitized path join","site_root":"/tmp/appsmith/www","request_path":"/index.html","result":"/tmp/appsmith/www/index.html"}
{"level":"debug","ts":1715124861.188089,"logger":"http.handlers.file_server","msg":"opening file","filename":"/tmp/appsmith/www/index.html"}
{"level":"debug","ts":1715124876.5876482,"logger":"http.handlers.rewrite","msg":"rewrote request","request":{"remote_ip":"::1","remote_port":"43484","client_ip":"::1","proto":"HTTP/1.1","method":"GET","host":"localhost","uri":"/","headers":{"User-Agent":["curl/7.68.0"],"Accept":["*/*"]}},"method":"GET","uri":"/index.html"}
{"level":"debug","ts":1715124876.5877094,"logger":"http.handlers.file_server","msg":"sanitized path join","site_root":"/tmp/appsmith/www","request_path":"/index.html","result":"/tmp/appsmith/www/index.html"}
{"level":"debug","ts":1715124876.5877259,"logger":"http.handlers.file_server","msg":"opening file","filename":"/tmp/appsmith/www/index.html"}
{"level":"debug","ts":1715124891.954622,"logger":"http.handlers.rewrite","msg":"rewrote request","request":{"remote_ip":"::1","remote_port":"52686","client_ip":"::1","proto":"HTTP/1.1","method":"GET","host":"localhost","uri":"/","headers":{"User-Agent":["curl/7.68.0"],"Accept":["*/*"]}},"method":"GET","uri":"/index.html"}
{"level":"debug","ts":1715124891.9547079,"logger":"http.handlers.file_server","msg":"sanitized path join","site_root":"/tmp/appsmith/www","request_path":"/index.html","result":"/tmp/appsmith/www/index.html"}
{"level":"debug","ts":1715124891.9547312,"logger":"http.handlers.file_server","msg":"opening file","filename":"/tmp/appsmith/www/index.html"}
{"level":"debug","ts":1715124907.368563,"logger":"http.handlers.rewrite","msg":"rewrote request","request":{"remote_ip":"::1","remote_port":"44642","client_ip":"::1","proto":"HTTP/1.1","method":"GET","host":"localhost","uri":"/","headers":{"User-Agent":["curl/7.68.0"],"Accept":["*/*"]}},"method":"GET","uri":"/index.html"}
{"level":"debug","ts":1715124907.3686383,"logger":"http.handlers.file_server","msg":"sanitized path join","site_root":"/tmp/appsmith/www","request_path":"/index.html","result":"/tmp/appsmith/www/index.html"}
{"level":"debug","ts":1715124907.3686574,"logger":"http.handlers.file_server","msg":"opening file","filename":"/tmp/appsmith/www/index.html"}
{"level":"debug","ts":1715124922.7811768,"logger":"http.handlers.rewrite","msg":"rewrote request","request":{"remote_ip":"::1","remote_port":"37080","client_ip":"::1","proto":"HTTP/1.1","method":"GET","host":"localhost","uri":"/","headers":{"User-Agent":["curl/7.68.0"],"Accept":["*/*"]}},"method":"GET","uri":"/index.html"}
{"level":"debug","ts":1715124922.7812443,"logger":"http.handlers.file_server","msg":"sanitized path join","site_root":"/tmp/appsmith/www","request_path":"/index.html","result":"/tmp/appsmith/www/index.html"}
{"level":"debug","ts":1715124922.7812607,"logger":"http.handlers.file_server","msg":"opening file","filename":"/tmp/appsmith/www/index.html"}
{"level":"debug","ts":1715124938.176984,"logger":"http.handlers.rewrite","msg":"rewrote request","request":{"remote_ip":"::1","remote_port":"37646","client_ip":"::1","proto":"HTTP/1.1","method":"GET","host":"localhost","uri":"/","headers":{"User-Agent":["curl/7.68.0"],"Accept":["*/*"]}},"method":"GET","uri":"/index.html"}
{"level":"debug","ts":1715124938.1770682,"logger":"http.handlers.file_server","msg":"sanitized path join","site_root":"/tmp/appsmith/www","request_path":"/index.html","result":"/tmp/appsmith/www/index.html"}
{"level":"debug","ts":1715124938.17709,"logger":"http.handlers.file_server","msg":"opening file","filename":"/tmp/appsmith/www/index.html"}
{"level":"debug","ts":1715124953.8645172,"logger":"http.handlers.rewrite","msg":"rewrote request","request":{"remote_ip":"::1","remote_port":"33120","client_ip":"::1","proto":"HTTP/1.1","method":"GET","host":"localhost","uri":"/","headers":{"User-Agent":["curl/7.68.0"],"Accept":["*/*"]}},"method":"GET","uri":"/index.html"}
{"level":"debug","ts":1715124953.8646147,"logger":"http.handlers.file_server","msg":"sanitized path join","site_root":"/tmp/appsmith/www","request_path":"/index.html","result":"/tmp/appsmith/www/index.html"}
{"level":"debug","ts":1715124953.8646421,"logger":"http.handlers.file_server","msg":"opening file","filename":"/tmp/appsmith/www/index.html"}
{"level":"debug","ts":1715124969.2656288,"logger":"http.handlers.rewrite","msg":"rewrote request","request":{"remote_ip":"::1","remote_port":"49080","client_ip":"::1","proto":"HTTP/1.1","method":"GET","host":"localhost","uri":"/","headers":{"User-Agent":["curl/7.68.0"],"Accept":["*/*"]}},"method":"GET","uri":"/index.html"}
{"level":"debug","ts":1715124969.266634,"logger":"http.handlers.file_server","msg":"sanitized path join","site_root":"/tmp/appsmith/www","request_path":"/index.html","result":"/tmp/appsmith/www/index.html"}
{"level":"debug","ts":1715124969.2671936,"logger":"http.handlers.file_server","msg":"opening file","filename":"/tmp/appsmith/www/index.html"}
{"level":"debug","ts":1715124984.7021751,"logger":"http.handlers.rewrite","msg":"rewrote request","request":{"remote_ip":"::1","remote_port":"35568","client_ip":"::1","proto":"HTTP/1.1","method":"GET","host":"localhost","uri":"/","headers":{"User-Agent":["curl/7.68.0"],"Accept":["*/*"]}},"method":"GET","uri":"/index.html"}
{"level":"debug","ts":1715124984.702246,"logger":"http.handlers.file_server","msg":"sanitized path join","site_root":"/tmp/appsmith/www","request_path":"/index.html","result":"/tmp/appsmith/www/index.html"}
{"level":"debug","ts":1715124984.7022626,"logger":"http.handlers.file_server","msg":"opening file","filename":"/tmp/appsmith/www/index.html"}
{"level":"debug","ts":1715125000.1048284,"logger":"http.handlers.rewrite","msg":"rewrote request","request":{"remote_ip":"::1","remote_port":"52908","client_ip":"::1","proto":"HTTP/1.1","method":"GET","host":"localhost","uri":"/","headers":{"User-Agent":["curl/7.68.0"],"Accept":["*/*"]}},"method":"GET","uri":"/index.html"}
{"level":"debug","ts":1715125000.1048923,"logger":"http.handlers.file_server","msg":"sanitized path join","site_root":"/tmp/appsmith/www","request_path":"/index.html","result":"/tmp/appsmith/www/index.html"}
{"level":"debug","ts":1715125000.1049094,"logger":"http.handlers.file_server","msg":"opening file","filename":"/tmp/appsmith/www/index.html"}
{"level":"info","ts":1715125006.2013414,"msg":"quitting process immediately","signal":"SIGQUIT"}
