2024-05-07 23:00:54,677 CRIT Supervisor is running as root.  Privileges were not dropped because no user is specified in the config file.  If you intend to run as root, you can set user=root in the config file to avoid this message.
2024-05-07 23:00:54,678 INFO Included extra file "/tmp/appsmith/supervisor-conf.d/backend.conf" during parsing
2024-05-07 23:00:54,678 INFO Included extra file "/tmp/appsmith/supervisor-conf.d/editor.conf" during parsing
2024-05-07 23:00:54,678 INFO Included extra file "/tmp/appsmith/supervisor-conf.d/mongodb.conf" during parsing
2024-05-07 23:00:54,678 INFO Included extra file "/tmp/appsmith/supervisor-conf.d/postgres.conf" during parsing
2024-05-07 23:00:54,678 INFO Included extra file "/tmp/appsmith/supervisor-conf.d/redis.conf" during parsing
2024-05-07 23:00:54,678 INFO Included extra file "/tmp/appsmith/supervisor-conf.d/rts.conf" during parsing
2024-05-07 23:00:54,689 INFO RPC interface 'supervisor' initialized
2024-05-07 23:00:54,690 INFO RPC interface 'supervisor' initialized
2024-05-07 23:00:54,690 CRIT Server 'unix_http_server' running without any HTTP authentication checking
2024-05-07 23:00:54,690 INFO supervisord started with pid 1
2024-05-07 23:00:55,605 INFO spawned: 'stdout' with pid 1750
2024-05-07 23:00:55,609 INFO spawned: 'redis' with pid 1751
2024-05-07 23:00:55,617 INFO spawned: 'mongodb' with pid 1752
2024-05-07 23:00:55,623 INFO spawned: 'rts' with pid 1753
2024-05-07 23:00:55,636 INFO spawned: 'backend' with pid 1754
2024-05-07 23:00:55,665 INFO spawned: 'editor' with pid 1755
2024-05-07 23:00:55,674 INFO spawned: 'postgres' with pid 1756
2024-05-07 23:00:55,723 INFO success: redis entered RUNNING state, process has stayed up for > than 0 seconds (startsecs)
2024-05-07 23:00:55,723 INFO success: rts entered RUNNING state, process has stayed up for > than 0 seconds (startsecs)
2024-05-07 23:00:55,731 INFO success: editor entered RUNNING state, process has stayed up for > than 0 seconds (startsecs)
2024-05-07 23:00:57,090 INFO success: stdout entered RUNNING state, process has stayed up for > than 1 seconds (startsecs)
2024-05-07 23:00:57,090 INFO success: postgres entered RUNNING state, process has stayed up for > than 1 seconds (startsecs)
2024-05-07 23:00:57,582 INFO reaped unknown pid 43
2024-05-07 23:01:06,492 INFO success: mongodb entered RUNNING state, process has stayed up for > than 10 seconds (startsecs)
2024-05-07 23:01:07,528 INFO reaped unknown pid 82
2024-05-07 23:01:16,160 INFO success: backend entered RUNNING state, process has stayed up for > than 20 seconds (startsecs)
2024-05-07 23:05:37,272 WARN received SIGTERM indicating exit request
2024-05-07 23:05:37,276 INFO waiting for stdout, redis, mongodb, rts, backend, editor, postgres to die
2024-05-07 23:05:37,400 INFO stopped: postgres (exit status 0)
2024-05-07 23:05:37,432 INFO stopped: editor (exit status 2)
2024-05-07 23:05:40,549 INFO waiting for stdout, redis, mongodb, rts, backend to die
2024-05-07 23:05:42,404 INFO stopped: backend (exit status 143)
2024-05-07 23:05:42,404 INFO reaped unknown pid 1838
2024-05-07 23:05:42,422 INFO stopped: rts (terminated by SIGTERM)
2024-05-07 23:05:44,232 INFO stopped: mongodb (exit status 0)
2024-05-07 23:05:44,233 INFO waiting for stdout, redis to die
2024-05-07 23:05:44,323 INFO stopped: redis (exit status 0)
2024-05-07 23:05:44,324 INFO stopped: stdout (terminated by SIGTERM)
2024-05-07 23:11:26,584 CRIT Supervisor is running as root.  Privileges were not dropped because no user is specified in the config file.  If you intend to run as root, you can set user=root in the config file to avoid this message.
2024-05-07 23:11:26,585 INFO Included extra file "/tmp/appsmith/supervisor-conf.d/backend.conf" during parsing
2024-05-07 23:11:26,585 INFO Included extra file "/tmp/appsmith/supervisor-conf.d/editor.conf" during parsing
2024-05-07 23:11:26,585 INFO Included extra file "/tmp/appsmith/supervisor-conf.d/mongodb.conf" during parsing
2024-05-07 23:11:26,585 INFO Included extra file "/tmp/appsmith/supervisor-conf.d/postgres.conf" during parsing
2024-05-07 23:11:26,586 INFO Included extra file "/tmp/appsmith/supervisor-conf.d/redis.conf" during parsing
2024-05-07 23:11:26,586 INFO Included extra file "/tmp/appsmith/supervisor-conf.d/rts.conf" during parsing
2024-05-07 23:11:26,606 INFO RPC interface 'supervisor' initialized
2024-05-07 23:11:26,606 INFO RPC interface 'supervisor' initialized
2024-05-07 23:11:26,607 CRIT Server 'unix_http_server' running without any HTTP authentication checking
2024-05-07 23:11:26,607 INFO supervisord started with pid 1
2024-05-07 23:11:26,991 INFO spawned: 'stdout' with pid 1503
2024-05-07 23:11:26,996 INFO spawned: 'redis' with pid 1504
2024-05-07 23:11:27,001 INFO spawned: 'mongodb' with pid 1505
2024-05-07 23:11:27,005 INFO spawned: 'rts' with pid 1506
2024-05-07 23:11:27,014 INFO spawned: 'backend' with pid 1507
2024-05-07 23:11:27,024 INFO spawned: 'editor' with pid 1508
2024-05-07 23:11:27,032 INFO spawned: 'postgres' with pid 1509
2024-05-07 23:11:27,097 INFO success: redis entered RUNNING state, process has stayed up for > than 0 seconds (startsecs)
2024-05-07 23:11:27,098 INFO success: rts entered RUNNING state, process has stayed up for > than 0 seconds (startsecs)
2024-05-07 23:11:27,099 INFO success: editor entered RUNNING state, process has stayed up for > than 0 seconds (startsecs)
2024-05-07 23:11:28,471 INFO success: stdout entered RUNNING state, process has stayed up for > than 1 seconds (startsecs)
2024-05-07 23:11:28,472 INFO success: postgres entered RUNNING state, process has stayed up for > than 1 seconds (startsecs)
2024-05-07 23:11:29,117 INFO reaped unknown pid 47
2024-05-07 23:11:37,094 INFO success: mongodb entered RUNNING state, process has stayed up for > than 10 seconds (startsecs)
2024-05-07 23:11:38,097 INFO reaped unknown pid 71
2024-05-07 23:11:47,774 INFO success: backend entered RUNNING state, process has stayed up for > than 20 seconds (startsecs)
2024-05-07 23:13:27,785 WARN received SIGTERM indicating exit request
2024-05-07 23:13:27,795 INFO waiting for stdout, redis, mongodb, rts, backend, editor, postgres to die
2024-05-07 23:13:28,922 INFO stopped: postgres (exit status 0)
2024-05-07 23:13:28,937 INFO stopped: editor (exit status 2)
2024-05-07 23:13:31,054 INFO waiting for stdout, redis, mongodb, rts, backend to die
2024-05-07 23:13:34,724 INFO stopped: backend (exit status 143)
2024-05-07 23:13:34,724 INFO reaped unknown pid 1590
2024-05-07 23:13:34,725 INFO waiting for stdout, redis, mongodb, rts to die
2024-05-07 23:13:34,735 INFO stopped: rts (terminated by SIGTERM)
2024-05-07 23:13:36,017 INFO stopped: mongodb (exit status 0)
2024-05-07 23:13:36,058 INFO stopped: redis (exit status 0)
2024-05-07 23:13:36,060 INFO stopped: stdout (terminated by SIGTERM)
2024-05-07 23:13:48,595 CRIT Supervisor is running as root.  Privileges were not dropped because no user is specified in the config file.  If you intend to run as root, you can set user=root in the config file to avoid this message.
2024-05-07 23:13:48,596 INFO Included extra file "/tmp/appsmith/supervisor-conf.d/backend.conf" during parsing
2024-05-07 23:13:48,596 INFO Included extra file "/tmp/appsmith/supervisor-conf.d/editor.conf" during parsing
2024-05-07 23:13:48,597 INFO Included extra file "/tmp/appsmith/supervisor-conf.d/mongodb.conf" during parsing
2024-05-07 23:13:48,597 INFO Included extra file "/tmp/appsmith/supervisor-conf.d/postgres.conf" during parsing
2024-05-07 23:13:48,597 INFO Included extra file "/tmp/appsmith/supervisor-conf.d/redis.conf" during parsing
2024-05-07 23:13:48,597 INFO Included extra file "/tmp/appsmith/supervisor-conf.d/rts.conf" during parsing
2024-05-07 23:13:48,608 INFO RPC interface 'supervisor' initialized
2024-05-07 23:13:48,609 INFO RPC interface 'supervisor' initialized
2024-05-07 23:13:48,609 CRIT Server 'unix_http_server' running without any HTTP authentication checking
2024-05-07 23:13:48,610 INFO supervisord started with pid 1
2024-05-07 23:13:49,614 INFO spawned: 'stdout' with pid 1500
2024-05-07 23:13:49,651 INFO spawned: 'redis' with pid 1501
2024-05-07 23:13:49,700 INFO spawned: 'mongodb' with pid 1502
2024-05-07 23:13:49,719 INFO spawned: 'rts' with pid 1503
2024-05-07 23:13:49,754 INFO spawned: 'backend' with pid 1507
2024-05-07 23:13:49,797 INFO spawned: 'editor' with pid 1509
2024-05-07 23:13:49,842 INFO spawned: 'postgres' with pid 1510
2024-05-07 23:13:49,864 INFO success: redis entered RUNNING state, process has stayed up for > than 0 seconds (startsecs)
2024-05-07 23:13:49,865 INFO success: rts entered RUNNING state, process has stayed up for > than 0 seconds (startsecs)
2024-05-07 23:13:49,866 INFO success: editor entered RUNNING state, process has stayed up for > than 0 seconds (startsecs)
2024-05-07 23:13:50,621 INFO success: stdout entered RUNNING state, process has stayed up for > than 1 seconds (startsecs)
2024-05-07 23:13:51,093 INFO success: postgres entered RUNNING state, process has stayed up for > than 1 seconds (startsecs)
2024-05-07 23:13:51,861 INFO reaped unknown pid 45
2024-05-07 23:13:59,683 INFO success: mongodb entered RUNNING state, process has stayed up for > than 10 seconds (startsecs)
2024-05-07 23:14:00,687 INFO reaped unknown pid 70
2024-05-07 23:14:09,962 INFO success: backend entered RUNNING state, process has stayed up for > than 20 seconds (startsecs)
2024-05-07 23:23:02,195 WARN received SIGTERM indicating exit request
2024-05-07 23:23:02,202 INFO waiting for stdout, redis, mongodb, rts, backend, editor, postgres to die
2024-05-07 23:23:02,330 INFO stopped: postgres (exit status 0)
2024-05-07 23:23:02,344 INFO stopped: editor (exit status 2)
2024-05-07 23:23:05,452 INFO waiting for stdout, redis, mongodb, rts, backend to die
2024-05-07 23:23:08,195 INFO stopped: backend (exit status 143)
2024-05-07 23:23:08,196 INFO reaped unknown pid 1587
2024-05-07 23:23:09,206 INFO stopped: rts (terminated by SIGTERM)
2024-05-07 23:23:09,208 INFO waiting for stdout, redis, mongodb to die
2024-05-07 23:23:09,979 INFO stopped: mongodb (exit status 0)
2024-05-07 23:23:11,044 INFO stopped: redis (exit status 0)
2024-05-07 23:23:11,047 INFO stopped: stdout (terminated by SIGTERM)
2024-05-07 23:23:38,523 CRIT Supervisor is running as root.  Privileges were not dropped because no user is specified in the config file.  If you intend to run as root, you can set user=root in the config file to avoid this message.
2024-05-07 23:23:38,523 INFO Included extra file "/tmp/appsmith/supervisor-conf.d/backend.conf" during parsing
2024-05-07 23:23:38,523 INFO Included extra file "/tmp/appsmith/supervisor-conf.d/editor.conf" during parsing
2024-05-07 23:23:38,524 INFO Included extra file "/tmp/appsmith/supervisor-conf.d/mongodb.conf" during parsing
2024-05-07 23:23:38,524 INFO Included extra file "/tmp/appsmith/supervisor-conf.d/postgres.conf" during parsing
2024-05-07 23:23:38,524 INFO Included extra file "/tmp/appsmith/supervisor-conf.d/redis.conf" during parsing
2024-05-07 23:23:38,524 INFO Included extra file "/tmp/appsmith/supervisor-conf.d/rts.conf" during parsing
2024-05-07 23:23:38,534 INFO RPC interface 'supervisor' initialized
2024-05-07 23:23:38,534 INFO RPC interface 'supervisor' initialized
2024-05-07 23:23:38,535 CRIT Server 'unix_http_server' running without any HTTP authentication checking
2024-05-07 23:23:38,535 INFO supervisord started with pid 1
2024-05-07 23:23:39,539 INFO spawned: 'stdout' with pid 1499
2024-05-07 23:23:39,543 INFO spawned: 'redis' with pid 1500
2024-05-07 23:23:39,554 INFO spawned: 'mongodb' with pid 1501
2024-05-07 23:23:39,570 INFO spawned: 'rts' with pid 1502
2024-05-07 23:23:39,575 INFO spawned: 'backend' with pid 1503
2024-05-07 23:23:39,601 INFO spawned: 'editor' with pid 1504
2024-05-07 23:23:39,611 INFO spawned: 'postgres' with pid 1508
2024-05-07 23:23:39,640 INFO success: redis entered RUNNING state, process has stayed up for > than 0 seconds (startsecs)
2024-05-07 23:23:39,641 INFO success: rts entered RUNNING state, process has stayed up for > than 0 seconds (startsecs)
2024-05-07 23:23:39,641 INFO success: editor entered RUNNING state, process has stayed up for > than 0 seconds (startsecs)
2024-05-07 23:23:40,658 INFO success: stdout entered RUNNING state, process has stayed up for > than 1 seconds (startsecs)
2024-05-07 23:23:40,659 INFO success: postgres entered RUNNING state, process has stayed up for > than 1 seconds (startsecs)
2024-05-07 23:23:40,659 INFO reaped unknown pid 45
2024-05-07 23:23:47,435 INFO reaped unknown pid 69
2024-05-07 23:23:50,014 INFO success: mongodb entered RUNNING state, process has stayed up for > than 10 seconds (startsecs)
2024-05-07 23:23:59,771 INFO success: backend entered RUNNING state, process has stayed up for > than 20 seconds (startsecs)
2024-05-07 23:36:45,113 WARN received SIGTERM indicating exit request
2024-05-07 23:36:45,118 INFO waiting for stdout, redis, mongodb, rts, backend, editor, postgres to die
2024-05-07 23:36:46,195 INFO stopped: postgres (exit status 0)
2024-05-07 23:36:46,212 INFO stopped: editor (exit status 2)
2024-05-07 23:36:48,367 INFO waiting for stdout, redis, mongodb, rts, backend to die
2024-05-07 23:36:51,042 INFO stopped: backend (exit status 143)
2024-05-07 23:36:51,043 INFO reaped unknown pid 1586
2024-05-07 23:36:51,052 INFO stopped: rts (terminated by SIGTERM)
2024-05-07 23:36:52,057 INFO waiting for stdout, redis, mongodb to die
2024-05-07 23:36:54,028 INFO stopped: mongodb (exit status 0)
2024-05-07 23:36:54,060 INFO stopped: redis (exit status 0)
2024-05-07 23:36:54,062 INFO stopped: stdout (terminated by SIGTERM)
2024-05-08 20:32:30,073 CRIT Supervisor is running as root.  Privileges were not dropped because no user is specified in the config file.  If you intend to run as root, you can set user=root in the config file to avoid this message.
2024-05-08 20:32:30,074 INFO Included extra file "/tmp/appsmith/supervisor-conf.d/backend.conf" during parsing
2024-05-08 20:32:30,074 INFO Included extra file "/tmp/appsmith/supervisor-conf.d/editor.conf" during parsing
2024-05-08 20:32:30,074 INFO Included extra file "/tmp/appsmith/supervisor-conf.d/mongodb.conf" during parsing
2024-05-08 20:32:30,075 INFO Included extra file "/tmp/appsmith/supervisor-conf.d/postgres.conf" during parsing
2024-05-08 20:32:30,075 INFO Included extra file "/tmp/appsmith/supervisor-conf.d/redis.conf" during parsing
2024-05-08 20:32:30,075 INFO Included extra file "/tmp/appsmith/supervisor-conf.d/rts.conf" during parsing
2024-05-08 20:32:30,095 INFO RPC interface 'supervisor' initialized
2024-05-08 20:32:30,096 INFO RPC interface 'supervisor' initialized
2024-05-08 20:32:30,096 CRIT Server 'unix_http_server' running without any HTTP authentication checking
2024-05-08 20:32:30,097 INFO supervisord started with pid 1
2024-05-08 20:32:31,104 INFO spawned: 'stdout' with pid 1499
2024-05-08 20:32:31,132 INFO spawned: 'redis' with pid 1500
2024-05-08 20:32:31,151 INFO spawned: 'mongodb' with pid 1501
2024-05-08 20:32:31,186 INFO spawned: 'rts' with pid 1502
2024-05-08 20:32:31,232 INFO spawned: 'backend' with pid 1503
2024-05-08 20:32:31,283 INFO spawned: 'editor' with pid 1508
2024-05-08 20:32:31,314 INFO spawned: 'postgres' with pid 1510
2024-05-08 20:32:31,318 INFO success: redis entered RUNNING state, process has stayed up for > than 0 seconds (startsecs)
2024-05-08 20:32:31,318 INFO success: rts entered RUNNING state, process has stayed up for > than 0 seconds (startsecs)
2024-05-08 20:32:31,319 INFO success: editor entered RUNNING state, process has stayed up for > than 0 seconds (startsecs)
2024-05-08 20:32:32,126 INFO success: stdout entered RUNNING state, process has stayed up for > than 1 seconds (startsecs)
2024-05-08 20:32:32,291 INFO success: postgres entered RUNNING state, process has stayed up for > than 1 seconds (startsecs)
2024-05-08 20:32:32,675 INFO reaped unknown pid 45
2024-05-08 20:32:39,405 INFO reaped unknown pid 68
2024-05-08 20:32:41,488 INFO success: mongodb entered RUNNING state, process has stayed up for > than 10 seconds (startsecs)
2024-05-08 20:32:52,098 INFO success: backend entered RUNNING state, process has stayed up for > than 20 seconds (startsecs)
2024-05-09 01:01:02,982 WARN received SIGTERM indicating exit request
2024-05-09 01:01:02,987 INFO waiting for stdout, redis, mongodb, rts, backend, editor, postgres to die
2024-05-09 01:01:03,094 INFO stopped: postgres (exit status 0)
2024-05-09 01:01:03,103 INFO stopped: editor (exit status 2)
2024-05-09 01:01:06,202 INFO waiting for stdout, redis, mongodb, rts, backend to die
2024-05-09 01:01:08,905 INFO stopped: backend (exit status 143)
2024-05-09 01:01:08,905 INFO reaped unknown pid 1583
2024-05-09 01:01:08,922 INFO stopped: rts (terminated by SIGTERM)
2024-05-09 01:01:09,925 INFO waiting for stdout, redis, mongodb to die
2024-05-09 01:01:10,362 INFO stopped: mongodb (exit status 0)
2024-05-09 01:01:10,405 INFO stopped: redis (exit status 0)
2024-05-09 01:01:10,407 INFO stopped: stdout (terminated by SIGTERM)
2024-05-09 01:35:29,980 CRIT Supervisor is running as root.  Privileges were not dropped because no user is specified in the config file.  If you intend to run as root, you can set user=root in the config file to avoid this message.
2024-05-09 01:35:29,980 INFO Included extra file "/tmp/appsmith/supervisor-conf.d/backend.conf" during parsing
2024-05-09 01:35:29,980 INFO Included extra file "/tmp/appsmith/supervisor-conf.d/editor.conf" during parsing
2024-05-09 01:35:29,980 INFO Included extra file "/tmp/appsmith/supervisor-conf.d/mongodb.conf" during parsing
2024-05-09 01:35:29,980 INFO Included extra file "/tmp/appsmith/supervisor-conf.d/postgres.conf" during parsing
2024-05-09 01:35:29,980 INFO Included extra file "/tmp/appsmith/supervisor-conf.d/redis.conf" during parsing
2024-05-09 01:35:29,981 INFO Included extra file "/tmp/appsmith/supervisor-conf.d/rts.conf" during parsing
2024-05-09 01:35:29,992 INFO RPC interface 'supervisor' initialized
2024-05-09 01:35:29,993 INFO RPC interface 'supervisor' initialized
2024-05-09 01:35:29,993 CRIT Server 'unix_http_server' running without any HTTP authentication checking
2024-05-09 01:35:29,993 INFO supervisord started with pid 1
2024-05-09 01:35:31,000 INFO spawned: 'stdout' with pid 1502
2024-05-09 01:35:31,037 INFO spawned: 'redis' with pid 1503
2024-05-09 01:35:31,061 INFO spawned: 'mongodb' with pid 1504
2024-05-09 01:35:31,086 INFO spawned: 'rts' with pid 1505
2024-05-09 01:35:31,147 INFO spawned: 'backend' with pid 1506
2024-05-09 01:35:31,194 INFO spawned: 'editor' with pid 1507
2024-05-09 01:35:31,220 INFO spawned: 'postgres' with pid 1512
2024-05-09 01:35:31,299 INFO success: redis entered RUNNING state, process has stayed up for > than 0 seconds (startsecs)
2024-05-09 01:35:31,299 INFO success: rts entered RUNNING state, process has stayed up for > than 0 seconds (startsecs)
2024-05-09 01:35:31,300 INFO success: editor entered RUNNING state, process has stayed up for > than 0 seconds (startsecs)
2024-05-09 01:35:32,176 INFO success: stdout entered RUNNING state, process has stayed up for > than 1 seconds (startsecs)
2024-05-09 01:35:32,289 INFO success: postgres entered RUNNING state, process has stayed up for > than 1 seconds (startsecs)
2024-05-09 01:35:32,779 INFO reaped unknown pid 44
2024-05-09 01:35:41,839 INFO success: mongodb entered RUNNING state, process has stayed up for > than 10 seconds (startsecs)
2024-05-09 01:35:45,607 INFO reaped unknown pid 68
2024-05-09 01:35:51,322 INFO success: backend entered RUNNING state, process has stayed up for > than 20 seconds (startsecs)
2024-05-09 01:37:01,156 WARN received SIGTERM indicating exit request
2024-05-09 01:37:01,158 INFO waiting for stdout, redis, mongodb, rts, backend, editor, postgres to die
2024-05-09 01:37:01,191 INFO stopped: postgres (exit status 0)
2024-05-09 01:37:01,209 INFO stopped: editor (exit status 2)
2024-05-09 01:37:04,545 INFO waiting for stdout, redis, mongodb, rts, backend to die
2024-05-09 01:37:05,960 INFO stopped: backend (exit status 143)
2024-05-09 01:37:05,960 INFO reaped unknown pid 1585
2024-05-09 01:37:05,973 INFO stopped: rts (terminated by SIGTERM)
2024-05-09 01:37:07,273 INFO stopped: mongodb (exit status 0)
2024-05-09 01:37:07,307 INFO stopped: redis (exit status 0)
2024-05-09 01:37:07,309 INFO stopped: stdout (terminated by SIGTERM)
2024-05-09 01:37:33,628 CRIT Supervisor is running as root.  Privileges were not dropped because no user is specified in the config file.  If you intend to run as root, you can set user=root in the config file to avoid this message.
2024-05-09 01:37:33,628 INFO Included extra file "/tmp/appsmith/supervisor-conf.d/backend.conf" during parsing
2024-05-09 01:37:33,629 INFO Included extra file "/tmp/appsmith/supervisor-conf.d/editor.conf" during parsing
2024-05-09 01:37:33,630 INFO Included extra file "/tmp/appsmith/supervisor-conf.d/mongodb.conf" during parsing
2024-05-09 01:37:33,630 INFO Included extra file "/tmp/appsmith/supervisor-conf.d/postgres.conf" during parsing
2024-05-09 01:37:33,630 INFO Included extra file "/tmp/appsmith/supervisor-conf.d/redis.conf" during parsing
2024-05-09 01:37:33,630 INFO Included extra file "/tmp/appsmith/supervisor-conf.d/rts.conf" during parsing
2024-05-09 01:37:33,642 INFO RPC interface 'supervisor' initialized
2024-05-09 01:37:33,643 INFO RPC interface 'supervisor' initialized
2024-05-09 01:37:33,644 CRIT Server 'unix_http_server' running without any HTTP authentication checking
2024-05-09 01:37:33,644 INFO supervisord started with pid 1
2024-05-09 01:37:34,365 INFO spawned: 'stdout' with pid 1499
2024-05-09 01:37:34,372 INFO spawned: 'redis' with pid 1500
2024-05-09 01:37:34,377 INFO spawned: 'mongodb' with pid 1501
2024-05-09 01:37:34,381 INFO spawned: 'rts' with pid 1502
2024-05-09 01:37:34,392 INFO spawned: 'backend' with pid 1503
2024-05-09 01:37:34,408 INFO spawned: 'editor' with pid 1504
2024-05-09 01:37:34,433 INFO spawned: 'postgres' with pid 1508
2024-05-09 01:37:34,490 INFO success: redis entered RUNNING state, process has stayed up for > than 0 seconds (startsecs)
2024-05-09 01:37:34,490 INFO success: rts entered RUNNING state, process has stayed up for > than 0 seconds (startsecs)
2024-05-09 01:37:34,490 INFO success: editor entered RUNNING state, process has stayed up for > than 0 seconds (startsecs)
2024-05-09 01:37:35,225 INFO reaped unknown pid 44
2024-05-09 01:37:35,698 INFO success: stdout entered RUNNING state, process has stayed up for > than 1 seconds (startsecs)
2024-05-09 01:37:35,699 INFO success: postgres entered RUNNING state, process has stayed up for > than 1 seconds (startsecs)
2024-05-09 01:37:44,275 INFO reaped unknown pid 68
2024-05-09 01:37:45,111 INFO success: mongodb entered RUNNING state, process has stayed up for > than 10 seconds (startsecs)
2024-05-09 01:37:54,613 INFO success: backend entered RUNNING state, process has stayed up for > than 20 seconds (startsecs)
2024-05-09 03:36:16,032 WARN received SIGTERM indicating exit request
2024-05-09 03:36:16,037 INFO waiting for stdout, redis, mongodb, rts, backend, editor, postgres to die
2024-05-09 03:36:17,147 INFO stopped: postgres (exit status 0)
2024-05-09 03:36:17,166 INFO stopped: editor (exit status 2)
2024-05-09 03:36:19,273 INFO waiting for stdout, redis, mongodb, rts, backend to die
2024-05-09 03:36:21,952 INFO stopped: backend (exit status 143)
2024-05-09 03:36:21,952 INFO reaped unknown pid 1579
2024-05-09 03:36:22,973 INFO stopped: rts (terminated by SIGTERM)
2024-05-09 03:36:22,977 INFO waiting for stdout, redis, mongodb to die
2024-05-09 03:36:23,848 INFO stopped: mongodb (exit status 0)
2024-05-09 03:36:23,866 INFO stopped: redis (exit status 0)
2024-05-09 03:36:23,867 INFO stopped: stdout (terminated by SIGTERM)
